2025-02-23 14:46:00 | INFO | repo=arquillian-phantom-driver | action=commit
2025-10-06 15:23:00 | WARN | repo=arquillian-phantom-driver | action=commit
2025-08-24 09:10:00 | WARN | repo=arquillian-phantom-driver | action=pull
2025-02-27 14:44:00 | INFO | repo=arquillian-phantom-driver | action=test | passed=true
2025-11-24 18:06:00 | WARN | repo=arquillian-phantom-driver | action=commit
2025-02-13 08:05:00 | DEBUG | repo=arquillian-phantom-driver | action=commit
2025-07-28 11:55:00 | DEBUG | repo=arquillian-phantom-driver | action=commit
2025-06-09 18:36:00 | DEBUG | repo=arquillian-phantom-driver | action=commit
2025-07-10 07:14:00 | WARN | repo=arquillian-phantom-driver | action=commit
2025-10-22 14:09:00 | INFO | repo=arquillian-phantom-driver | action=pull
2025-02-17 07:31:00 | INFO | repo=arquillian-phantom-driver | action=commit
2025-11-19 12:44:00 | WARN | repo=arquillian-phantom-driver | action=commit
2025-03-17 12:46:00 | DEBUG | repo=arquillian-phantom-driver | action=commit
2025-04-11 17:00:00 | DEBUG | repo=arquillian-phantom-driver | action=commit
2025-08-26 10:09:00 | DEBUG | repo=arquillian-phantom-driver | action=commit
2025-01-25 08:50:00 | INFO | repo=arquillian-phantom-driver | action=commit
2025-01-12 17:07:00 | WARN | repo=arquillian-phantom-driver | action=commit
2025-05-08 07:45:00 | WARN | repo=arquillian-phantom-driver | action=commit
2025-10-24 08:50:00 | WARN | repo=arquillian-phantom-driver | action=test | passed=true
2025-04-17 10:19:00 | DEBUG | repo=arquillian-phantom-driver | action=commit
2025-10-13 13:57:00 | DEBUG | repo=arquillian-phantom-driver | action=commit
2025-07-25 07:06:00 | DEBUG | repo=arquillian-phantom-driver | action=commit
2025-02-23 08:07:00 | WARN | repo=arquillian-phantom-driver | action=commit
2025-08-28 11:02:00 | WARN | repo=arquillian-phantom-driver | action=commit
2025-09-19 18:51:00 | DEBUG | repo=arquillian-phantom-driver | action=commit
2025-02-13 18:27:00 | DEBUG | repo=arquillian-phantom-driver | action=test | passed=true
2025-08-28 09:08:00 | WARN | repo=arquillian-phantom-driver | action=commit
2025-09-06 21:17:00 | INFO | repo=arquillian-phantom-driver | action=commit
2025-12-20 18:55:00 | DEBUG | repo=arquillian-phantom-driver | action=commit
2025-01-25 16:13:00 | INFO | repo=arquillian-phantom-driver | action=commit
2025-05-08 08:29:00 | WARN | repo=arquillian-phantom-driver | action=commit
2025-07-13 07:41:00 | INFO | repo=arquillian-phantom-driver | action=commit
2025-04-14 11:21:00 | WARN | repo=arquillian-phantom-driver | action=commit
2025-02-28 10:25:00 | INFO | repo=arquillian-phantom-driver | action=commit
2025-10-26 11:19:00 | WARN | repo=arquillian-phantom-driver | action=commit
2025-02-20 09:38:00 | WARN | repo=arquillian-phantom-driver | action=commit
2025-08-06 13:22:00 | INFO | repo=arquillian-phantom-driver | action=edit | files=2
2025-05-27 21:05:00 | WARN | repo=arquillian-phantom-driver | action=commit
2025-11-14 16:41:00 | DEBUG | repo=arquillian-phantom-driver | action=test | passed=true
2025-04-15 16:02:00 | DEBUG | repo=arquillian-phantom-driver | action=commit
2025-12-28 21:14:00 | DEBUG | repo=arquillian-phantom-driver | action=commit
2025-08-09 14:19:00 | DEBUG | repo=arquillian-phantom-driver | action=edit | files=1
2025-04-12 15:31:00 | WARN | repo=arquillian-phantom-driver | action=commit
2025-02-24 19:05:00 | INFO | repo=arquillian-phantom-driver | action=commit
2025-06-05 18:07:00 | WARN | repo=arquillian-phantom-driver | action=commit
2025-01-15 08:20:00 | WARN | repo=arquillian-phantom-driver | action=edit | files=2
2025-04-12 16:09:00 | WARN | repo=arquillian-phantom-driver | action=test | passed=true
2025-07-11 15:51:00 | DEBUG | repo=arquillian-phantom-driver | action=commit
2025-11-22 10:31:00 | WARN | repo=arquillian-phantom-driver | action=commit
2025-10-22 08:32:00 | INFO | repo=arquillian-phantom-driver | action=test | passed=true
2025-08-14 08:15:00 | INFO | repo=arquillian-phantom-driver | action=commit
2025-01-09 08:30:00 | DEBUG | repo=arquillian-phantom-driver | action=commit
2025-01-18 07:46:00 | DEBUG | repo=arquillian-phantom-driver | action=commit
2025-11-10 07:20:00 | DEBUG | repo=arquillian-phantom-driver | action=commit
2025-07-16 09:23:00 | INFO | repo=arquillian-phantom-driver | action=commit
2025-03-05 18:49:00 | WARN | repo=arquillian-phantom-driver | action=commit
2025-02-03 21:21:00 | DEBUG | repo=arquillian-phantom-driver | action=commit
2025-09-12 13:49:00 | INFO | repo=arquillian-phantom-driver | action=commit
2025-03-03 18:59:00 | INFO | repo=arquillian-phantom-driver | action=commit
2025-12-16 09:00:00 | INFO | repo=arquillian-phantom-driver | action=commit
2025-06-21 15:42:00 | DEBUG | repo=arquillian-phantom-driver | action=commit
2025-06-18 18:19:00 | INFO | repo=arquillian-phantom-driver | action=commit
2025-11-14 13:41:00 | INFO | repo=arquillian-phantom-driver | action=test | passed=true
2025-11-26 12:57:00 | INFO | repo=arquillian-phantom-driver | action=commit
2025-11-10 14:48:00 | INFO | repo=arquillian-phantom-driver | action=commit
2025-04-28 17:49:00 | INFO | repo=arquillian-phantom-driver | action=commit
2025-08-25 13:31:00 | DEBUG | repo=arquillian-phantom-driver | action=edit | files=3
2025-01-09 21:08:00 | DEBUG | repo=arquillian-phantom-driver | action=commit
2025-03-14 07:22:00 | WARN | repo=arquillian-phantom-driver | action=commit
2025-07-26 09:22:00 | INFO | repo=arquillian-phantom-driver | action=commit
2025-01-02 08:00:00 | DEBUG | repo=arquillian-phantom-driver | action=commit
2025-08-21 20:45:00 | WARN | repo=arquillian-phantom-driver | action=commit
2025-03-21 11:23:00 | WARN | repo=arquillian-phantom-driver | action=commit
2025-02-09 20:45:00 | DEBUG | repo=arquillian-phantom-driver | action=commit
